<?xml version="1.0" encoding="UTF-8"?>
<!DOCTYPE coverage SYSTEM "http://cobertura.sourceforge.net/xml/coverage-04.dtd">
<coverage line-rate="0.47826087" branch-rate="0" lines-covered="11" lines-valid="23" branches-covered="0" branches-valid="0" complexity="0" version="" timestamp="1719485868799">
	<packages>
		<package name="github.com/dougmendes/snoopy" line-rate="0" branch-rate="0" complexity="0" line-count="5" line-hits="0">
			<classes>
				<class name="-" filename="main.go" line-rate="0" branch-rate="0" complexity="0" line-count="5" line-hits="0">
					<methods>
						<method name="main" signature="" line-rate="0" branch-rate="0" complexity="0" line-count="0" line-hits="0">
							<lines>
								<line number="11" hits="0"></line>
								<line number="12" hits="0"></line>
								<line number="13" hits="0"></line>
								<line number="14" hits="0"></line>
								<line number="15" hits="0"></line>
							</lines>
						</method>
					</methods>
					<lines>
						<line number="11" hits="0"></line>
						<line number="12" hits="0"></line>
						<line number="13" hits="0"></line>
						<line number="14" hits="0"></line>
						<line number="15" hits="0"></line>
					</lines>
				</class>
			</classes>
		</package>
		<package name="github.com/dougmendes/snoopy/controller" line-rate="0.6111111" branch-rate="0" complexity="0" line-count="18" line-hits="11">
			<classes>
				<class name="-" filename="controller/home.go" line-rate="0" branch-rate="0" complexity="0" line-count="5" line-hits="0">
					<methods>
						<method name="Home" signature="" line-rate="0" branch-rate="0" complexity="0" line-count="0" line-hits="0">
							<lines>
								<line number="10" hits="0"></line>
								<line number="11" hits="0"></line>
							</lines>
						</method>
						<method name="Echo" signature="" line-rate="0" branch-rate="0" complexity="0" line-count="0" line-hits="0">
							<lines>
								<line number="15" hits="0"></line>
								<line number="16" hits="0"></line>
								<line number="17" hits="0"></line>
							</lines>
						</method>
					</methods>
					<lines>
						<line number="10" hits="0"></line>
						<line number="11" hits="0"></line>
						<line number="15" hits="0"></line>
						<line number="16" hits="0"></line>
						<line number="17" hits="0"></line>
					</lines>
				</class>
				<class name="-" filename="controller/scan.go" line-rate="0.84615386" branch-rate="0" complexity="0" line-count="13" line-hits="11">
					<methods>
						<method name="ReadJSONWithFileOpener" signature="" line-rate="0.9166667" branch-rate="0" complexity="0" line-count="0" line-hits="0">
							<lines>
								<line number="14" hits="1"></line>
								<line number="15" hits="1"></line>
								<line number="16" hits="1"></line>
								<line number="17" hits="1"></line>
								<line number="20" hits="1"></line>
								<line number="22" hits="1"></line>
								<line number="23" hits="1"></line>
								<line number="24" hits="1"></line>
								<line number="25" hits="1"></line>
								<line number="28" hits="1"></line>
								<line number="29" hits="1"></line>
								<line number="30" hits="0"></line>
							</lines>
						</method>
						<method name="ReadJSON" signature="" line-rate="0" branch-rate="0" complexity="0" line-count="0" line-hits="0">
							<lines>
								<line number="35" hits="0"></line>
							</lines>
						</method>
					</methods>
					<lines>
						<line number="14" hits="1"></line>
						<line number="15" hits="1"></line>
						<line number="16" hits="1"></line>
						<line number="17" hits="1"></line>
						<line number="20" hits="1"></line>
						<line number="22" hits="1"></line>
						<line number="23" hits="1"></line>
						<line number="24" hits="1"></line>
						<line number="25" hits="1"></line>
						<line number="28" hits="1"></line>
						<line number="29" hits="1"></line>
						<line number="30" hits="0"></line>
						<line number="35" hits="0"></line>
					</lines>
				</class>
			</classes>
		</package>
	</packages>
	<sources>
		<source>/home/douglas/repos/snoopy</source>
	</sources>
</coverage>
